<?xml version="1.0" encoding="UTF-8"?>
<testsuite xmlns:xsi="http://www.w3.org/2001/XMLSchema-instance" xsi:noNamespaceSchemaLocation="https://maven.apache.org/surefire/maven-surefire-plugin/xsd/surefire-test-report.xsd" version="3.0.2" name="PersonTest" time="0.051" tests="15" errors="0" skipped="0" failures="0">
  <properties>
[...]
</properties>
  <testcase name="testUnderageChangeAddress" classname="PersonTest" time="0.029">
    <system-out><![CDATA[56s_d%&fAB Matthew Kwong 32|Lilac Street|Melbourne|Victoria|Australia 19-11-2010
   42|La Trobe Street|Melbourne|Victoria|Australia 
You are not eligible to update address as you are under 18 years old or address format is invalid.
]]></system-out>
  </testcase>
  <testcase name="testInputOutOfBounds" classname="PersonTest" time="0.0">
    <system-out><![CDATA[Invalid demerit point: 9
]]></system-out>
  </testcase>
  <testcase name="testAddPersonValid" classname="PersonTest" time="0.001"/>
  <testcase name="testChangeIDFirstCharacterEven" classname="PersonTest" time="0.001">
    <system-out><![CDATA[46s_d%&fAB Matthew Kwong 32|Lilac Street|Melbourne|Victoria|Australia 19-11-2000
56s_d%&fAB    
Invalid Person ID format or ID starts with an even number.
]]></system-out>
  </testcase>
  <testcase name="testInvalidIDLength" classname="PersonTest" time="0.001"/>
  <testcase name="testValidDemeritInput" classname="PersonTest" time="0.003">
    <system-out><![CDATA[File already exists.
License suspended: false
]]></system-out>
  </testcase>
  <testcase name="testInvalidBirthDateFormat" classname="PersonTest" time="0.001"/>
  <testcase name="testInvalidDateFormat" classname="PersonTest" time="0.001">
    <system-out><![CDATA[Incorrect date format
]]></system-out>
  </testcase>
  <testcase name="testValidInformationChange" classname="PersonTest" time="0.001">
    <system-out><![CDATA[56s_d%&fAB Matthew Kwong 32|Lilac Street|Melbourne|Victoria|Australia 19-11-2000
   42|Lilac Street|Melbourne|Victoria|Australia 
]]></system-out>
  </testcase>
  <testcase name="testInvalidIDLengthAndInvalidState" classname="PersonTest" time="0.001"/>
  <testcase name="testMultipleFieldUpdate" classname="PersonTest" time="0.001">
    <system-out><![CDATA[56s_d%&fAB Matthew Kwong 32|Lilac Street|Melbourne|Victoria|Australia 19-11-2010
 Kevin  42|Little Collins Street|Melbourne|Victoria|Australia 20-19-2000
Invalid birthdate format. Please use dd-MM-yyyy.
]]></system-out>
  </testcase>
  <testcase name="testDemeritOverLimit" classname="PersonTest" time="0.001">
    <system-out><![CDATA[File already exists.
License suspended: true
]]></system-out>
  </testcase>
  <testcase name="testValidFirstAndLastNameChange" classname="PersonTest" time="0.001">
    <system-out><![CDATA[56s_d%&fAB Matthew Kwong 32|Lilac Street|Melbourne|Victoria|Australia 19-11-2006
 Aryan Israni  
]]></system-out>
  </testcase>
  <testcase name="testDemeritUnderlimit" classname="PersonTest" time="0.0">
    <system-out><![CDATA[File already exists.
License suspended: false
]]></system-out>
  </testcase>
  <testcase name="testInvalidAddressFormat" classname="PersonTest" time="0.0"/>
</testsuite>